0 verbose cli /opt/homebrew/Cellar/node/24.8.0/bin/node /opt/homebrew/bin/npm
1 info using npm@11.6.2
2 info using node@v24.8.0
3 silly config load:file:/opt/homebrew/lib/node_modules/npm/npmrc
4 silly config load:file:/Users/nigel/hungry-tum-invoicing/.npmrc
5 silly config load:file:/Users/nigel/.npmrc
6 silly config load:file:/opt/homebrew/etc/npmrc
7 verbose title npm install
8 verbose argv "install" "--cache" "./.npm-cache" "--prefer-offline" "--no-audit" "--no-fund"
9 verbose logfile logs-max:10 dir:/Users/nigel/hungry-tum-invoicing/.npm-cache/_logs/2026-02-14T11_41_14_840Z-
10 verbose logfile /Users/nigel/hungry-tum-invoicing/.npm-cache/_logs/2026-02-14T11_41_14_840Z-debug-0.log
11 silly logfile done cleaning log files
12 silly packumentCache heap:2348810240 maxSize:587202560 maxEntrySize:293601280
13 verbose shrinkwrap failed to load node_modules/.package-lock.json out of date, updated: node_modules
14 silly idealTree buildDeps
15 silly fetch manifest xlsx@^0.18.5
16 silly packumentCache full:https://registry.npmjs.org/xlsx cache-miss
17 http fetch GET 200 https://registry.npmjs.org/xlsx 322ms (cache miss)
18 silly packumentCache full:https://registry.npmjs.org/xlsx set size:undefined disposed:false
19 silly placeDep ROOT xlsx@0.18.5 OK for: hungry-tum-invoicing@0.1.0 want: ^0.18.5
20 silly fetch manifest cfb@~1.2.1
21 silly packumentCache full:https://registry.npmjs.org/cfb cache-miss
22 silly fetch manifest ssf@~0.11.2
23 silly packumentCache full:https://registry.npmjs.org/ssf cache-miss
24 silly fetch manifest wmf@~1.0.1
25 silly packumentCache full:https://registry.npmjs.org/wmf cache-miss
26 silly fetch manifest word@~0.3.0
27 silly packumentCache full:https://registry.npmjs.org/word cache-miss
28 silly fetch manifest crc-32@~1.2.1
29 silly packumentCache full:https://registry.npmjs.org/crc-32 cache-miss
30 silly fetch manifest adler-32@~1.3.0
31 silly packumentCache full:https://registry.npmjs.org/adler-32 cache-miss
32 silly fetch manifest codepage@~1.15.0
33 silly packumentCache full:https://registry.npmjs.org/codepage cache-miss
34 http fetch GET 200 https://registry.npmjs.org/cfb 76ms (cache miss)
35 silly packumentCache full:https://registry.npmjs.org/cfb set size:undefined disposed:false
36 http fetch GET 200 https://registry.npmjs.org/word 221ms (cache miss)
37 silly packumentCache full:https://registry.npmjs.org/word set size:undefined disposed:false
38 http fetch GET 200 https://registry.npmjs.org/adler-32 223ms (cache miss)
39 silly packumentCache full:https://registry.npmjs.org/adler-32 set size:undefined disposed:false
40 http fetch GET 200 https://registry.npmjs.org/ssf 225ms (cache miss)
41 silly packumentCache full:https://registry.npmjs.org/ssf set size:undefined disposed:false
42 http fetch GET 200 https://registry.npmjs.org/codepage 226ms (cache miss)
43 silly packumentCache full:https://registry.npmjs.org/codepage set size:undefined disposed:false
44 http fetch GET 200 https://registry.npmjs.org/crc-32 234ms (cache miss)
45 silly packumentCache full:https://registry.npmjs.org/crc-32 set size:undefined disposed:false
46 http fetch GET 200 https://registry.npmjs.org/wmf 236ms (cache miss)
47 silly packumentCache full:https://registry.npmjs.org/wmf set size:undefined disposed:false
48 silly placeDep ROOT adler-32@1.3.1 OK for: xlsx@0.18.5 want: ~1.3.0
49 silly placeDep ROOT cfb@1.2.2 OK for: xlsx@0.18.5 want: ~1.2.1
50 silly placeDep ROOT codepage@1.15.0 OK for: xlsx@0.18.5 want: ~1.15.0
51 silly placeDep ROOT crc-32@1.2.2 OK for: xlsx@0.18.5 want: ~1.2.1
52 silly placeDep ROOT ssf@0.11.2 OK for: xlsx@0.18.5 want: ~0.11.2
53 silly placeDep ROOT wmf@1.0.2 OK for: xlsx@0.18.5 want: ~1.0.1
54 silly placeDep ROOT word@0.3.0 OK for: xlsx@0.18.5 want: ~0.3.0
55 silly fetch manifest crc-32@~1.2.0
56 silly packumentCache full:https://registry.npmjs.org/crc-32 cache-miss
57 silly fetch manifest frac@~1.1.2
58 silly packumentCache full:https://registry.npmjs.org/frac cache-miss
59 http cache https://registry.npmjs.org/crc-32 6ms (cache hit)
60 silly packumentCache full:https://registry.npmjs.org/crc-32 set size:32170 disposed:false
61 http fetch GET 200 https://registry.npmjs.org/frac 66ms (cache miss)
62 silly packumentCache full:https://registry.npmjs.org/frac set size:undefined disposed:false
63 silly placeDep ROOT frac@1.1.2 OK for: ssf@0.11.2 want: ~1.1.2
64 silly reify mark retired [ '/Users/nigel/hungry-tum-invoicing/node_modules/codepage' ]
65 silly reify moves {
65 silly reify   '/Users/nigel/hungry-tum-invoicing/node_modules/codepage': '/Users/nigel/hungry-tum-invoicing/node_modules/.codepage-JPinbhpJ'
65 silly reify }
66 http cache frac@https://registry.npmjs.org/frac/-/frac-1.1.2.tgz 0ms (cache hit)
67 http cache word@https://registry.npmjs.org/word/-/word-0.3.0.tgz 0ms (cache hit)
68 http cache wmf@https://registry.npmjs.org/wmf/-/wmf-1.0.2.tgz 0ms (cache hit)
69 http cache ssf@https://registry.npmjs.org/ssf/-/ssf-0.11.2.tgz 0ms (cache hit)
70 http cache crc-32@https://registry.npmjs.org/crc-32/-/crc-32-1.2.2.tgz 0ms (cache hit)
71 http cache cfb@https://registry.npmjs.org/cfb/-/cfb-1.2.2.tgz 0ms (cache hit)
72 http cache adler-32@https://registry.npmjs.org/adler-32/-/adler-32-1.3.1.tgz 0ms (cache hit)
73 http cache xlsx@https://registry.npmjs.org/xlsx/-/xlsx-0.18.5.tgz 0ms (cache hit)
74 silly tarball no local data for frac@https://registry.npmjs.org/frac/-/frac-1.1.2.tgz. Extracting by manifest.
75 silly tarball no local data for word@https://registry.npmjs.org/word/-/word-0.3.0.tgz. Extracting by manifest.
76 silly tarball no local data for wmf@https://registry.npmjs.org/wmf/-/wmf-1.0.2.tgz. Extracting by manifest.
77 silly tarball no local data for ssf@https://registry.npmjs.org/ssf/-/ssf-0.11.2.tgz. Extracting by manifest.
78 silly tarball no local data for crc-32@https://registry.npmjs.org/crc-32/-/crc-32-1.2.2.tgz. Extracting by manifest.
79 http cache codepage@https://registry.npmjs.org/codepage/-/codepage-1.15.0.tgz 0ms (cache hit)
80 silly tarball no local data for cfb@https://registry.npmjs.org/cfb/-/cfb-1.2.2.tgz. Extracting by manifest.
81 silly tarball no local data for adler-32@https://registry.npmjs.org/adler-32/-/adler-32-1.3.1.tgz. Extracting by manifest.
82 silly tarball no local data for xlsx@https://registry.npmjs.org/xlsx/-/xlsx-0.18.5.tgz. Extracting by manifest.
83 silly tarball no local data for codepage@https://registry.npmjs.org/codepage/-/codepage-1.15.0.tgz. Extracting by manifest.
84 http fetch GET 200 https://registry.npmjs.org/adler-32/-/adler-32-1.3.1.tgz 94ms (cache miss)
85 http fetch GET 200 https://registry.npmjs.org/word/-/word-0.3.0.tgz 97ms (cache miss)
86 http fetch GET 200 https://registry.npmjs.org/frac/-/frac-1.1.2.tgz 99ms (cache miss)
87 http fetch GET 200 https://registry.npmjs.org/ssf/-/ssf-0.11.2.tgz 105ms (cache miss)
88 http fetch GET 200 https://registry.npmjs.org/crc-32/-/crc-32-1.2.2.tgz 106ms (cache miss)
89 http fetch GET 200 https://registry.npmjs.org/wmf/-/wmf-1.0.2.tgz 113ms (cache miss)
90 http fetch GET 200 https://registry.npmjs.org/cfb/-/cfb-1.2.2.tgz 111ms (cache miss)
91 http fetch GET 200 https://registry.npmjs.org/xlsx/-/xlsx-0.18.5.tgz 444ms (cache miss)
92 http fetch GET 200 https://registry.npmjs.org/codepage/-/codepage-1.15.0.tgz 461ms (cache miss)
93 silly ADD node_modules/frac
94 silly ADD node_modules/word
95 silly ADD node_modules/wmf
96 silly ADD node_modules/ssf
97 silly ADD node_modules/crc-32
98 silly ADD node_modules/cfb
99 silly ADD node_modules/adler-32
100 silly ADD node_modules/xlsx
101 silly CHANGE node_modules/codepage
102 verbose cwd /Users/nigel/hungry-tum-invoicing
103 verbose os Darwin 25.2.0
104 verbose node v24.8.0
105 verbose npm  v11.6.2
106 verbose exit 0
107 info ok
